<?xml version="1.0" encoding="UTF-8"?>
<!-- Generated by org.testng.reporters.JUnitReportReporter -->
<testsuite hostname="LAPTOP-5KCODA6R" failures="0" tests="1" name="Test.Product" time="0.020" errors="0" timestamp="6 Sep 2023 04:32:42 GMT">
  <testcase classname="Test.Product" name="addProduct" time="0.020"/>
</testsuite> <!-- Test.Product -->
