<?xml version="1.0" encoding="UTF-8"?>
<!-- Generated by org.testng.reporters.JUnitReportReporter -->
<testsuite hostname="LAPTOP-5KCODA6R" failures="0" tests="1" name="Test.Customer" time="0.019" errors="0" timestamp="6 Sep 2023 04:32:48 GMT">
  <testcase classname="Test.Customer" name="addCustomer" time="0.019"/>
</testsuite> <!-- Test.Customer -->
