<?xml version="1.0" encoding="UTF-8"?>
<!-- Generated by org.testng.reporters.JUnitReportReporter -->
<testsuite hostname="LAPTOP-5KCODA6R" failures="0" tests="1" name="Test.Customer" time="0.029" errors="0" timestamp="06 Sept 2023 05:01:19 GMT" skipped="0">
  <testcase classname="Test.Customer" name="addCustomer" time="0.029"/>
</testsuite> <!-- Test.Customer -->
