<?xml version="1.0" encoding="UTF-8"?>
<!-- Generated by org.testng.reporters.JUnitReportReporter -->
<testsuite hostname="LAPTOP-5KCODA6R" failures="0" tests="1" name="Test.Google" time="10.778" errors="0" timestamp="6 Sep 2023 04:45:55 GMT">
  <testcase classname="Test.Google" name="exe" time="10.778"/>
</testsuite> <!-- Test.Google -->
