<?xml version="1.0" encoding="UTF-8"?>
<!-- Generated by org.testng.reporters.JUnitReportReporter -->
<testsuite hostname="LAPTOP-5KCODA6R" failures="0" tests="1" name="Test.Product" time="0.020" errors="0" timestamp="06 Sept 2023 05:01:29 GMT" skipped="0">
  <testcase classname="Test.Product" name="addProduct" time="0.020"/>
</testsuite> <!-- Test.Product -->
