<?xml version="1.0" encoding="UTF-8"?>
<!-- Generated by org.testng.reporters.JUnitReportReporter -->
<testsuite hostname="LAPTOP-5KCODA6R" failures="0" tests="1" name="Test.Customer" time="0.002" errors="0" timestamp="2023-09-06T14:45:13 IST" skipped="0">
  <testcase classname="Test.Customer" name="addCustomer" time="0.002"/>
  <system-out/>
</testsuite> <!-- Test.Customer -->
